51904 nanosleep({tv_sec=0, tv_nsec=20000}, NULL) = 0
51904 nanosleep({tv_sec=0, tv_nsec=20000}, NULL) = 0
51904 nanosleep({tv_sec=0, tv_nsec=20000},  <unfinished ...>
51907 nanosleep({tv_sec=0, tv_nsec=3000},  <unfinished ...>
51904 <... nanosleep resumed>NULL)      = 0
51907 <... nanosleep resumed>NULL)      = 0
51904 nanosleep({tv_sec=0, tv_nsec=20000},  <unfinished ...>
51903 nanosleep({tv_sec=1, tv_nsec=0},  <unfinished ...>
51904 <... nanosleep resumed>NULL)      = 0
51904 nanosleep({tv_sec=0, tv_nsec=20000}, NULL) = 0
51907 nanosleep({tv_sec=1, tv_nsec=0},  <unfinished ...>
51904 nanosleep({tv_sec=0, tv_nsec=20000}, NULL) = 0
51904 nanosleep({tv_sec=0, tv_nsec=20000}, NULL) = 0
51904 nanosleep({tv_sec=0, tv_nsec=20000},  <unfinished ...>
51906 nanosleep({tv_sec=1, tv_nsec=0},  <unfinished ...>
51904 <... nanosleep resumed>NULL)      = 0
51904 nanosleep({tv_sec=0, tv_nsec=20000}, NULL) = 0
51904 nanosleep({tv_sec=0, tv_nsec=20000},  <unfinished ...>
51905 nanosleep({tv_sec=1, tv_nsec=0},  <unfinished ...>
51904 <... nanosleep resumed>NULL)      = 0
51904 nanosleep({tv_sec=0, tv_nsec=20000}, NULL) = 0
51904 nanosleep({tv_sec=0, tv_nsec=1000000}, NULL) = 0
51904 nanosleep({tv_sec=0, tv_nsec=1000000}, NULL) = 0
51903 <... nanosleep resumed> <unfinished ...>) = ?
51907 <... nanosleep resumed> <unfinished ...>) = ?
51906 <... nanosleep resumed> <unfinished ...>) = ?
51905 <... nanosleep resumed> <unfinished ...>) = ?
51907 +++ exited with 2 +++
51906 +++ exited with 2 +++
51905 +++ exited with 2 +++
51904 +++ exited with 2 +++
51903 +++ exited with 2 +++
